<?xml version="1.0" encoding="UTF-8"?>
<!-- Generated by org.testng.reporters.JUnitReportReporter -->
<testsuite hostname="LAPTOP-U2UKQCU4" failures="0" tests="2" name="automationpandatest.WantToPracticeTestAutomationPageTest" time="1.674" errors="0" timestamp="2024-05-18T11:50:51 IST" skipped="0">
  <testcase classname="automationpandatest.WantToPracticeTestAutomationPageTest" name="testWantToPracticeTestAutomationPageTitle" time="0.190"/>
  <testcase classname="automationpandatest.WantToPracticeTestAutomationPageTest" name="testContactPage" time="1.484"/>
</testsuite> <!-- automationpandatest.WantToPracticeTestAutomationPageTest -->
