<?xml version="1.0" encoding="UTF-8"?>
<!-- Generated by org.testng.reporters.JUnitReportReporter -->
<testsuite hostname="LAPTOP-U2UKQCU4" failures="0" tests="1" name="automationpandatest.ContactPageTest" time="5.595" errors="0" timestamp="2024-05-18T14:15:01 IST" skipped="0">
  <testcase classname="automationpandatest.ContactPageTest" name="testContactPage" time="5.595"/>
</testsuite> <!-- automationpandatest.ContactPageTest -->
