<?xml version="1.0" encoding="UTF-8"?>
<!-- Generated by org.testng.reporters.JUnitReportReporter -->
<testsuite hostname="LAPTOP-U2UKQCU4" failures="0" tests="3" name="flipkarttest.SearchResultPageTest" time="6.058" errors="0" timestamp="2024-05-18T01:02:01 IST" skipped="0">
  <testcase classname="flipkarttest.SearchResultPageTest" name="testLogo" time="0.440"/>
  <testcase classname="flipkarttest.SearchResultPageTest" name="testSearch" time="3.246"/>
  <testcase classname="flipkarttest.SearchResultPageTest" name="testSearchResult" time="2.372"/>
</testsuite> <!-- flipkarttest.SearchResultPageTest -->
