<?xml version="1.0" encoding="UTF-8"?>
<!-- Generated by org.testng.reporters.JUnitReportReporter -->
<testsuite hostname="LAPTOP-U2UKQCU4" failures="0" tests="2" name="flipkarttest.HomePageTest" time="4.575" errors="0" timestamp="2024-05-17T23:18:57 IST" skipped="0">
  <testcase classname="flipkarttest.HomePageTest" name="testLogo" time="0.700"/>
  <testcase classname="flipkarttest.HomePageTest" name="testSearch" time="3.875"/>
</testsuite> <!-- flipkarttest.HomePageTest -->
